\BOOKMARK [0][-]{chapter*.3}{Acknowledgments}{}% 1
\BOOKMARK [0][-]{chapter*.4}{Abstract}{}% 2
\BOOKMARK [0][-]{chapter*.6}{List of Tables}{}% 3
\BOOKMARK [0][-]{chapter*.7}{List of Figures}{}% 4
\BOOKMARK [0][-]{chapter.1}{Chapter Introduction}{}% 5
\BOOKMARK [1][-]{section.1.1}{Motivation}{chapter.1}% 6
\BOOKMARK [1][-]{section.1.2}{Aims}{chapter.1}% 7
\BOOKMARK [1][-]{section.1.3}{Road-map}{chapter.1}% 8
\BOOKMARK [0][-]{chapter.2}{Chapter State of the Art}{}% 9
\BOOKMARK [1][-]{section.2.1}{Background and Summary}{chapter.2}% 10
\BOOKMARK [1][-]{section.2.2}{State of The Art - Knowledge}{chapter.2}% 11
\BOOKMARK [2][-]{subsection.2.2.1}{Blockchain}{section.2.2}% 12
\BOOKMARK [2][-]{subsection.2.2.2}{NDN}{section.2.2}% 13
\BOOKMARK [2][-]{subsection.2.2.3}{Names}{section.2.2}% 14
\BOOKMARK [2][-]{subsection.2.2.4}{Faces}{section.2.2}% 15
\BOOKMARK [2][-]{subsection.2.2.5}{Interests}{section.2.2}% 16
\BOOKMARK [2][-]{subsection.2.2.6}{Data}{section.2.2}% 17
\BOOKMARK [2][-]{subsection.2.2.7}{Named-Data Forwarding Daemon}{section.2.2}% 18
\BOOKMARK [2][-]{subsection.2.2.8}{Named-Data Link State Routing}{section.2.2}% 19
\BOOKMARK [2][-]{subsection.2.2.9}{Chronosync}{section.2.2}% 20
\BOOKMARK [2][-]{subsection.2.2.10}{Content Store}{section.2.2}% 21
\BOOKMARK [2][-]{subsection.2.2.11}{Security}{section.2.2}% 22
\BOOKMARK [1][-]{section.2.3}{Related Work}{chapter.2}% 23
\BOOKMARK [1][-]{section.2.4}{Literary Review}{chapter.2}% 24
\BOOKMARK [2][-]{subsection.2.4.1}{NDN}{section.2.4}% 25
\BOOKMARK [2][-]{subsection.2.4.2}{NFD}{section.2.4}% 26
\BOOKMARK [2][-]{subsection.2.4.3}{Blockchain}{section.2.4}% 27
\BOOKMARK [0][-]{chapter.3}{Chapter Design}{}% 28
\BOOKMARK [1][-]{section.3.1}{The Problem}{chapter.3}% 29
\BOOKMARK [1][-]{section.3.2}{The Development Platform}{chapter.3}% 30
\BOOKMARK [2][-]{subsection.3.2.1}{MiniNDN}{section.3.2}% 31
\BOOKMARK [1][-]{section.3.3}{The Data Structure}{chapter.3}% 32
\BOOKMARK [2][-]{subsection.3.3.1}{Public Information Base Block}{section.3.3}% 33
\BOOKMARK [2][-]{subsection.3.3.2}{Public Information Base Blockchain}{section.3.3}% 34
\BOOKMARK [1][-]{section.3.4}{Broadcasting}{chapter.3}% 35
\BOOKMARK [2][-]{subsection.3.4.1}{Naive Approach}{section.3.4}% 36
\BOOKMARK [2][-]{subsection.3.4.2}{Reconfigure NFD approach}{section.3.4}% 37
\BOOKMARK [2][-]{subsection.3.4.3}{Signed Interest approach}{section.3.4}% 38
\BOOKMARK [2][-]{subsection.3.4.4}{ChronoChat}{section.3.4}% 39
\BOOKMARK [2][-]{subsection.3.4.5}{Interest with Hash Value}{section.3.4}% 40
\BOOKMARK [1][-]{section.3.5}{Challenges Overview}{chapter.3}% 41
\BOOKMARK [0][-]{chapter.4}{Chapter Implementation}{}% 42
\BOOKMARK [1][-]{section.4.1}{Technologies Used}{chapter.4}% 43
\BOOKMARK [2][-]{subsection.4.1.1}{SHA256 Library}{section.4.1}% 44
\BOOKMARK [2][-]{subsection.4.1.2}{ndnsec}{section.4.1}% 45
\BOOKMARK [2][-]{subsection.4.1.3}{NLSR Security}{section.4.1}% 46
\BOOKMARK [1][-]{section.4.2}{Component Interaction with Data Structures}{chapter.4}% 47
\BOOKMARK [2][-]{subsection.4.2.1}{Public Information Base}{section.4.2}% 48
\BOOKMARK [2][-]{subsection.4.2.2}{The KeyChain}{section.4.2}% 49
\BOOKMARK [1][-]{section.4.3}{Challenges}{chapter.4}% 50
\BOOKMARK [0][-]{chapter.5}{Chapter Results}{}% 51
\BOOKMARK [1][-]{section.5.1}{Ideal Evaluation}{chapter.5}% 52
\BOOKMARK [2][-]{subsection.5.1.1}{Overhead and Latency}{section.5.1}% 53
\BOOKMARK [1][-]{section.5.2}{Discussion}{chapter.5}% 54
\BOOKMARK [0][-]{chapter.6}{Chapter Conclusions and Future Work}{}% 55
\BOOKMARK [1][-]{section.6.1}{Conclusion}{chapter.6}% 56
\BOOKMARK [1][-]{section.6.2}{Future Work}{chapter.6}% 57
\BOOKMARK [0][-]{appendix.A}{Appendix Abbreviations}{}% 58
\BOOKMARK [0][-]{appendix*.16}{Bibliography}{}% 59
