This is pdfTeX, Version 3.14159265-2.6-1.40.20 (MiKTeX 2.9.7000 64-bit) (preloaded format=pdflatex 2019.4.5)  23 APR 2019 08:03
entering extended mode
**./thesis.tex
(thesis.tex
LaTeX2e <2018-12-01>
("C:\Program Files\MiKTeX 2.9\tex/latex/base\report.cls"
Document Class: report 2018/09/03 v1.4i Standard LaTeX document class
("C:\Program Files\MiKTeX 2.9\tex/latex/base\size12.clo"
File: size12.clo 2018/09/03 v1.4i Standard LaTeX file (size option)
)
\c@part=\count80
\c@chapter=\count81
\c@section=\count82
\c@subsection=\count83
\c@subsubsection=\count84
\c@paragraph=\count85
\c@subparagraph=\count86
\c@figure=\count87
\c@table=\count88
\abovecaptionskip=\skip41
\belowcaptionskip=\skip42
\bibindent=\dimen102
) (tcdthesis.sty
****************************************************************
** TCD Thesis Style File, version 2.0, March 2005 
** Written by Dinesh Das 
** Dept. of Computer Sciences 
** The University of Texas at Austin 
** Modified by Bert Kay, James A. Bednar, and Ayman El-Khashab 
** Modified by Ross Brennan for use in Trinity College Dublin 
****************************************************************
\@tmplength=\skip43
\hour=\count89
\minute=\count90
\dow=\count91
\leap=\count92
\x=\count93
\y=\count94
) ("C:\Program Files\MiKTeX 2.9\tex/latex/graphics\graphicx.sty"
Package: graphicx 2017/06/01 v1.1a Enhanced LaTeX Graphics (DPC,SPQR)

("C:\Program Files\MiKTeX 2.9\tex/latex/graphics\keyval.sty"
Package: keyval 2014/10/28 v1.15 key=value parser (DPC)
\KV@toks@=\toks14
)
("C:\Program Files\MiKTeX 2.9\tex/latex/graphics\graphics.sty"
Package: graphics 2017/06/25 v1.2c Standard LaTeX Graphics (DPC,SPQR)

("C:\Program Files\MiKTeX 2.9\tex/latex/graphics\trig.sty"
Package: trig 2016/01/03 v1.10 sin cos tan (DPC)
)
("C:\Program Files\MiKTeX 2.9\tex/latex/graphics-cfg\graphics.cfg"
File: graphics.cfg 2016/06/04 v1.11 sample graphics configuration
)
Package graphics Info: Driver file: pdftex.def on input line 99.

("C:\Program Files\MiKTeX 2.9\tex/latex/graphics-def\pdftex.def"
File: pdftex.def 2018/01/08 v1.0l Graphics/color driver for pdftex
))
\Gin@req@height=\dimen103
\Gin@req@width=\dimen104
)
("C:\Program Files\MiKTeX 2.9\tex/latex/graphics\color.sty"
Package: color 2016/07/10 v1.1e Standard LaTeX Color (DPC)

("C:\Program Files\MiKTeX 2.9\tex/latex/graphics-cfg\color.cfg"
File: color.cfg 2016/01/02 v1.6 sample color configuration
)
Package color Info: Driver file: pdftex.def on input line 147.
)
("C:\Program Files\MiKTeX 2.9\tex/latex/anysize\anysize.sty"
Package: anysize 1994/08/13 setting margin sizes

document style option `anysize' loaded
Michael Salzenberg, Thomas Esser, Dirk Hillbrecht
Version 1.0, Aug 13, 1994
\@Leftmargin=\dimen105
\@Rightmargin=\dimen106
\@Topmargin=\dimen107
\@Bottommargin=\dimen108
) ("C:\Program Files\MiKTeX 2.9\tex/generic/genmisc\nth.sty"
Package: nth 2002/02/27
)
("C:\Program Files\MiKTeX 2.9\tex/latex/xcolor\xcolor.sty"
Package: xcolor 2016/05/11 v2.12 LaTeX color extensions (UK)

("C:\Program Files\MiKTeX 2.9\tex/latex/graphics-cfg\color.cfg"
File: color.cfg 2016/01/02 v1.6 sample color configuration
)
Package xcolor Info: Driver file: pdftex.def on input line 225.

("C:\Program Files\MiKTeX 2.9\tex/latex/colortbl\colortbl.sty"
Package: colortbl 2018/12/12 v1.0d Color table columns (DPC)

("C:\Program Files\MiKTeX 2.9\tex/latex/tools\array.sty"
Package: array 2018/12/30 v2.4k Tabular extension package (FMi)
\col@sep=\dimen109
\ar@mcellbox=\box27
\extrarowheight=\dimen110
\NC@list=\toks15
\extratabsurround=\skip44
\backup@length=\skip45
\ar@cellbox=\box28
)
\everycr=\toks16
\minrowclearance=\skip46
)
LaTeX Info: Redefining \color on input line 709.
\rownum=\count95
Package xcolor Info: Model `cmy' substituted by `cmy0' on input line 1348.
Package xcolor Info: Model `hsb' substituted by `rgb' on input line 1352.
Package xcolor Info: Model `RGB' extended on input line 1364.
Package xcolor Info: Model `HTML' substituted by `rgb' on input line 1366.
Package xcolor Info: Model `Hsb' substituted by `hsb' on input line 1367.
Package xcolor Info: Model `tHsb' substituted by `hsb' on input line 1368.
Package xcolor Info: Model `HSB' substituted by `hsb' on input line 1369.
Package xcolor Info: Model `Gray' substituted by `gray' on input line 1370.
Package xcolor Info: Model `wave' substituted by `hsb' on input line 1371.
)
("C:\Program Files\MiKTeX 2.9\tex/latex/epigraph\epigraph.sty"
Package: epigraph 2009/09/02 v1.5c typesetting epigraphs
\beforeepigraphskip=\skip47
\afterepigraphskip=\skip48
\epigraphwidth=\skip49
\epigraphrule=\skip50
)
("C:\Program Files\MiKTeX 2.9\tex/latex/ms\ragged2e.sty"
Package: ragged2e 2009/05/21 v2.1 ragged2e Package (MS)

("C:\Program Files\MiKTeX 2.9\tex/latex/ms\everysel.sty"
Package: everysel 2011/10/28 v1.2 EverySelectfont Package (MS)
)
\CenteringLeftskip=\skip51
\RaggedLeftLeftskip=\skip52
\RaggedRightLeftskip=\skip53
\CenteringRightskip=\skip54
\RaggedLeftRightskip=\skip55
\RaggedRightRightskip=\skip56
\CenteringParfillskip=\skip57
\RaggedLeftParfillskip=\skip58
\RaggedRightParfillskip=\skip59
\JustifyingParfillskip=\skip60
\CenteringParindent=\skip61
\RaggedLeftParindent=\skip62
\RaggedRightParindent=\skip63
\JustifyingParindent=\skip64
)
("C:\Program Files\MiKTeX 2.9\tex/latex/amsmath\amsmath.sty"
Package: amsmath 2018/12/01 v2.17b AMS math features
\@mathmargin=\skip65

For additional information on amsmath, use the `?' option.
("C:\Program Files\MiKTeX 2.9\tex/latex/amsmath\amstext.sty"
Package: amstext 2000/06/29 v2.01 AMS text

("C:\Program Files\MiKTeX 2.9\tex/latex/amsmath\amsgen.sty"
File: amsgen.sty 1999/11/30 v2.0 generic functions
\@emptytoks=\toks17
\ex@=\dimen111
))
("C:\Program Files\MiKTeX 2.9\tex/latex/amsmath\amsbsy.sty"
Package: amsbsy 1999/11/29 v1.2d Bold Symbols
\pmbraise@=\dimen112
)
("C:\Program Files\MiKTeX 2.9\tex/latex/amsmath\amsopn.sty"
Package: amsopn 2016/03/08 v2.02 operator names
)
\inf@bad=\count96
LaTeX Info: Redefining \frac on input line 223.
\uproot@=\count97
\leftroot@=\count98
LaTeX Info: Redefining \overline on input line 385.
\classnum@=\count99
\DOTSCASE@=\count100
LaTeX Info: Redefining \ldots on input line 482.
LaTeX Info: Redefining \dots on input line 485.
LaTeX Info: Redefining \cdots on input line 606.
\Mathstrutbox@=\box29
\strutbox@=\box30
\big@size=\dimen113
LaTeX Font Info:    Redeclaring font encoding OML on input line 729.
LaTeX Font Info:    Redeclaring font encoding OMS on input line 730.
\macc@depth=\count101
\c@MaxMatrixCols=\count102
\dotsspace@=\muskip10
\c@parentequation=\count103
\dspbrk@lvl=\count104
\tag@help=\toks18
\row@=\count105
\column@=\count106
\maxfields@=\count107
\andhelp@=\toks19
\eqnshift@=\dimen114
\alignsep@=\dimen115
\tagshift@=\dimen116
\tagwidth@=\dimen117
\totwidth@=\dimen118
\lineht@=\dimen119
\@envbody=\toks20
\multlinegap=\skip66
\multlinetaggap=\skip67
\mathdisplay@stack=\toks21
LaTeX Info: Redefining \[ on input line 2844.
LaTeX Info: Redefining \] on input line 2845.
)
("C:\Program Files\MiKTeX 2.9\tex/latex/tools\longtable.sty"
Package: longtable 2014/10/28 v4.11 Multi-page Table package (DPC)+ FMi change
\LTleft=\skip68
\LTright=\skip69
\LTpre=\skip70
\LTpost=\skip71
\LTchunksize=\count108
\LTcapwidth=\dimen120
\LT@head=\box31
\LT@firsthead=\box32
\LT@foot=\box33
\LT@lastfoot=\box34
\LT@cols=\count109
\LT@rows=\count110
\c@LT@tables=\count111
\c@LT@chunks=\count112
\LT@p@ftn=\toks22
)
("C:\Program Files\MiKTeX 2.9\tex/latex/adjustbox\adjustbox.sty"
Package: adjustbox 2019/01/04 v1.2 Adjusting TeX boxes (trim, clip, ...)

("C:\Program Files\MiKTeX 2.9\tex/latex/xkeyval\xkeyval.sty"
Package: xkeyval 2014/12/03 v2.7a package option processing (HA)

("C:\Program Files\MiKTeX 2.9\tex/generic/xkeyval\xkeyval.tex"
("C:\Program Files\MiKTeX 2.9\tex/generic/xkeyval\xkvutils.tex"
\XKV@toks=\toks23
\XKV@tempa@toks=\toks24
)
\XKV@depth=\count113
File: xkeyval.tex 2014/12/03 v2.7a key=value parser (HA)
))
("C:\Program Files\MiKTeX 2.9\tex/latex/adjustbox\adjcalc.sty"
Package: adjcalc 2012/05/16 v1.1 Provides advanced setlength with multiple back
-ends (calc, etex, pgfmath)
)
("C:\Program Files\MiKTeX 2.9\tex/latex/adjustbox\trimclip.sty"
Package: trimclip 2018/04/08 v1.1 Trim and clip general TeX material

("C:\Program Files\MiKTeX 2.9\tex/latex/collectbox\collectbox.sty"
Package: collectbox 2012/05/17 v0.4b Collect macro arguments as boxes
\collectedbox=\box35
)
\tc@llx=\dimen121
\tc@lly=\dimen122
\tc@urx=\dimen123
\tc@ury=\dimen124
Package trimclip Info: Using driver 'tc-pdftex.def'.

("C:\Program Files\MiKTeX 2.9\tex/latex/adjustbox\tc-pdftex.def"
File: tc-pdftex.def 2019/01/04 v2.2 Clipping driver for pdftex
))
\adjbox@Width=\dimen125
\adjbox@Height=\dimen126
\adjbox@Depth=\dimen127
\adjbox@Totalheight=\dimen128
\adjbox@pwidth=\dimen129
\adjbox@pheight=\dimen130
\adjbox@pdepth=\dimen131
\adjbox@ptotalheight=\dimen132

("C:\Program Files\MiKTeX 2.9\tex/latex/ifoddpage\ifoddpage.sty"
Package: ifoddpage 2016/04/23 v1.1 Conditionals for odd/even page detection
\c@checkoddpage=\count114
)
("C:\Program Files\MiKTeX 2.9\tex/latex/varwidth\varwidth.sty"
Package: varwidth 2009/03/30 ver 0.92;  Variable-width minipages
\@vwid@box=\box36
\sift@deathcycles=\count115
\@vwid@loff=\dimen133
\@vwid@roff=\dimen134
))
("C:\Program Files\MiKTeX 2.9\tex/latex/hyperref\hyperref.sty"
Package: hyperref 2018/11/30 v6.88e Hypertext links for LaTeX

("C:\Program Files\MiKTeX 2.9\tex/generic/oberdiek\hobsub-hyperref.sty"
Package: hobsub-hyperref 2016/05/16 v1.14 Bundle oberdiek, subset hyperref (HO)


("C:\Program Files\MiKTeX 2.9\tex/generic/oberdiek\hobsub-generic.sty"
Package: hobsub-generic 2016/05/16 v1.14 Bundle oberdiek, subset generic (HO)
Package: hobsub 2016/05/16 v1.14 Construct package bundles (HO)
Package: infwarerr 2016/05/16 v1.4 Providing info/warning/error messages (HO)
Package: ltxcmds 2016/05/16 v1.23 LaTeX kernel commands for general use (HO)
Package: ifluatex 2016/05/16 v1.4 Provides the ifluatex switch (HO)
Package ifluatex Info: LuaTeX not detected.
Package: ifvtex 2016/05/16 v1.6 Detect VTeX and its facilities (HO)
Package ifvtex Info: VTeX not detected.
Package: intcalc 2016/05/16 v1.2 Expandable calculations with integers (HO)
Package: ifpdf 2018/09/07 v3.3 Provides the ifpdf switch
Package: etexcmds 2016/05/16 v1.6 Avoid name clashes with e-TeX commands (HO)
Package: kvsetkeys 2016/05/16 v1.17 Key value parser (HO)
Package: kvdefinekeys 2016/05/16 v1.4 Define keys (HO)
Package: pdftexcmds 2018/09/10 v0.29 Utility functions of pdfTeX for LuaTeX (HO
)
Package pdftexcmds Info: LuaTeX not detected.
Package pdftexcmds Info: \pdf@primitive is available.
Package pdftexcmds Info: \pdf@ifprimitive is available.
Package pdftexcmds Info: \pdfdraftmode found.
Package: pdfescape 2016/05/16 v1.14 Implements pdfTeX's escape features (HO)
Package: bigintcalc 2016/05/16 v1.4 Expandable calculations on big integers (HO
)
Package: bitset 2016/05/16 v1.2 Handle bit-vector datatype (HO)
Package: uniquecounter 2016/05/16 v1.3 Provide unlimited unique counter (HO)
)
Package hobsub Info: Skipping package `hobsub' (already loaded).
Package: letltxmacro 2016/05/16 v1.5 Let assignment for LaTeX macros (HO)
Package: hopatch 2016/05/16 v1.3 Wrapper for package hooks (HO)
Package: xcolor-patch 2016/05/16 xcolor patch
Package: atveryend 2016/05/16 v1.9 Hooks at the very end of document (HO)
Package atveryend Info: \enddocument detected (standard20110627).
Package: atbegshi 2016/06/09 v1.18 At begin shipout hook (HO)
Package: refcount 2016/05/16 v3.5 Data extraction from label references (HO)
Package: hycolor 2016/05/16 v1.8 Color options for hyperref/bookmark (HO)
)
("C:\Program Files\MiKTeX 2.9\tex/generic/ifxetex\ifxetex.sty"
Package: ifxetex 2010/09/12 v0.6 Provides ifxetex conditional
)
("C:\Program Files\MiKTeX 2.9\tex/latex/oberdiek\auxhook.sty"
Package: auxhook 2016/05/16 v1.4 Hooks for auxiliary files (HO)
)
("C:\Program Files\MiKTeX 2.9\tex/latex/oberdiek\kvoptions.sty"
Package: kvoptions 2016/05/16 v3.12 Key value format for package options (HO)
)
\@linkdim=\dimen135
\Hy@linkcounter=\count116
\Hy@pagecounter=\count117

("C:\Program Files\MiKTeX 2.9\tex/latex/hyperref\pd1enc.def"
File: pd1enc.def 2018/11/30 v6.88e Hyperref: PDFDocEncoding definition (HO)
Now handling font encoding PD1 ...
... no UTF-8 mapping file for font encoding PD1
)
\Hy@SavedSpaceFactor=\count118

("C:\Program Files\MiKTeX 2.9\tex/latex/00miktex\hyperref.cfg"
File: hyperref.cfg 2002/06/06 v1.2 hyperref configuration of TeXLive
)
Package hyperref Info: Hyper figures OFF on input line 4519.
Package hyperref Info: Link nesting OFF on input line 4524.
Package hyperref Info: Hyper index ON on input line 4527.
Package hyperref Info: Plain pages OFF on input line 4534.
Package hyperref Info: Backreferencing OFF on input line 4539.
Package hyperref Info: Implicit mode ON; LaTeX internals redefined.
Package hyperref Info: Bookmarks ON on input line 4772.
\c@Hy@tempcnt=\count119

("C:\Program Files\MiKTeX 2.9\tex/latex/url\url.sty"
\Urlmuskip=\muskip11
Package: url 2013/09/16  ver 3.4  Verb mode for urls, etc.
)
LaTeX Info: Redefining \url on input line 5125.
\XeTeXLinkMargin=\dimen136
\Fld@menulength=\count120
\Field@Width=\dimen137
\Fld@charsize=\dimen138
Package hyperref Info: Hyper figures OFF on input line 6380.
Package hyperref Info: Link nesting OFF on input line 6385.
Package hyperref Info: Hyper index ON on input line 6388.
Package hyperref Info: backreferencing OFF on input line 6395.
Package hyperref Info: Link coloring OFF on input line 6400.
Package hyperref Info: Link coloring with OCG OFF on input line 6405.
Package hyperref Info: PDF/A mode OFF on input line 6410.
LaTeX Info: Redefining \ref on input line 6450.
LaTeX Info: Redefining \pageref on input line 6454.
\Hy@abspage=\count121
\c@Item=\count122
\c@Hfootnote=\count123
)
Package hyperref Info: Driver (autodetected): hpdftex.

("C:\Program Files\MiKTeX 2.9\tex/latex/hyperref\hpdftex.def"
File: hpdftex.def 2018/11/30 v6.88e Hyperref driver for pdfTeX
\Fld@listcount=\count124
\c@bookmark@seq@number=\count125

("C:\Program Files\MiKTeX 2.9\tex/latex/oberdiek\rerunfilecheck.sty"
Package: rerunfilecheck 2016/05/16 v1.8 Rerun checks for auxiliary files (HO)
Package uniquecounter Info: New unique counter `rerunfilecheck' on input line 2
82.
)
\Hy@SectionHShift=\skip72
)
(thesis.aux (chapter1.aux) (chapter2.aux) (chapter3.aux) (chapter4.aux)
(chapter5.aux) (chapter6.aux) (appendix1.aux))
\openout1 = `thesis.aux'.

LaTeX Font Info:    Checking defaults for OML/cmm/m/it on input line 128.
LaTeX Font Info:    ... okay on input line 128.
LaTeX Font Info:    Checking defaults for T1/cmr/m/n on input line 128.
LaTeX Font Info:    ... okay on input line 128.
LaTeX Font Info:    Checking defaults for OT1/cmr/m/n on input line 128.
LaTeX Font Info:    ... okay on input line 128.
LaTeX Font Info:    Checking defaults for OMS/cmsy/m/n on input line 128.
LaTeX Font Info:    ... okay on input line 128.
LaTeX Font Info:    Checking defaults for OMX/cmex/m/n on input line 128.
LaTeX Font Info:    ... okay on input line 128.
LaTeX Font Info:    Checking defaults for U/cmr/m/n on input line 128.
LaTeX Font Info:    ... okay on input line 128.
LaTeX Font Info:    Checking defaults for PD1/pdf/m/n on input line 128.
LaTeX Font Info:    ... okay on input line 128.

("C:\Program Files\MiKTeX 2.9\tex/context/base/mkii\supp-pdf.mkii"
[Loading MPS to PDF converter (version 2006.09.02).]
\scratchcounter=\count126
\scratchdimen=\dimen139
\scratchbox=\box37
\nofMPsegments=\count127
\nofMParguments=\count128
\everyMPshowfont=\toks25
\MPscratchCnt=\count129
\MPscratchDim=\dimen140
\MPnumerator=\count130
\makeMPintoPDFobject=\count131
\everyMPtoPDFconversion=\toks26
) ("C:\Program Files\MiKTeX 2.9\tex/latex/oberdiek\epstopdf-base.sty"
Package: epstopdf-base 2016/05/15 v2.6 Base part for package epstopdf

("C:\Program Files\MiKTeX 2.9\tex/latex/oberdiek\grfext.sty"
Package: grfext 2016/05/16 v1.2 Manage graphics extensions (HO)
)
Package epstopdf-base Info: Redefining graphics rule for `.eps' on input line 4
38.
Package grfext Info: Graphics extension search list:
(grfext)             [.pdf,.png,.jpg,.mps,.jpeg,.jbig2,.jb2,.PDF,.PNG,.JPG,.JPE
G,.JBIG2,.JB2,.eps]
(grfext)             \AppendGraphicsExtensions on input line 456.
)
ABD: EverySelectfont initializing macros
LaTeX Info: Redefining \selectfont on input line 128.
\AtBeginShipoutBox=\box38
Package hyperref Info: Link coloring OFF on input line 128.

("C:\Program Files\MiKTeX 2.9\tex/latex/hyperref\nameref.sty"
Package: nameref 2016/05/21 v2.44 Cross-referencing by name of section

("C:\Program Files\MiKTeX 2.9\tex/generic/oberdiek\gettitlestring.sty"
Package: gettitlestring 2016/05/16 v1.5 Cleanup title references (HO)
)
\c@section@level=\count132
)
LaTeX Info: Redefining \ref on input line 128.
LaTeX Info: Redefining \pageref on input line 128.
LaTeX Info: Redefining \nameref on input line 128.

(thesis.out) (thesis.out)
\@outlinefile=\write3
\openout3 = `thesis.out'.

<trinity.jpg, id=239, 203.76125pt x 272.01625pt>
File: trinity.jpg Graphic file (type jpg)
<use trinity.jpg>
Package pdftex.def Info: trinity.jpg  used on input line 132.
(pdftex.def)             Requested size: 86.72377pt x 115.77347pt.
 [1

{C:/Users/35385/AppData/Local/MiKTeX/2.9/pdftex/config/pdftex.map} <./trinity.j
pg>]
Underfull \hbox (badness 10000) in paragraph at lines 145--145

 []

pdfTeX warning (ext4): destination with the same identifier (name{page.i}) has 
been already used, duplicate ignored
<to be read again> 
                   \relax 
l.145 \thesisdeclarationpage
                            				  %% Generate the declaration page. [1]
Underfull \hbox (badness 10000) in paragraph at lines 147--147

 []


Underfull \hbox (badness 10000) in paragraph at lines 147--147

 []


Underfull \hbox (badness 10000) in paragraph at lines 147--147

 []

[2]
Underfull \hbox (badness 10000) in paragraph at lines 154--158

 []

[3

] [4

] [5] (thesis.toc [6

] [7])
\tf@toc=\write4
\openout4 = `thesis.toc'.

 [8] (thesis.lot)
\tf@lot=\write5
\openout5 = `thesis.lot'.

 [9


] (thesis.lof [10


])
\tf@lof=\write6
\openout6 = `thesis.lof'.


[11]
\openout2 = `chapter1.aux'.

 (chapter1.tex
Chapter 1.
[1


] [2]
<certarch.png, id=447, 1123.19624pt x 939.51pt>
File: certarch.png Graphic file (type png)
<use certarch.png>
Package pdftex.def Info: certarch.png  used on input line 20.
(pdftex.def)             Requested size: 433.62pt x 362.69446pt.
 [3]
LaTeX Font Info:    Try loading font information for OMS+cmr on input line 34.
 ("C:\Program Files\MiKTeX 2.9\tex/latex/base\omscmr.fd"
File: omscmr.fd 2014/09/29 v2.5h Standard LaTeX font definitions
)
LaTeX Font Info:    Font shape `OMS/cmr/m/n' in size <12> not available
(Font)              Font shape `OMS/cmsy/m/n' tried instead on input line 34.

Overfull \hbox (7.76219pt too wide) in paragraph at lines 34--35
[]\OT1/cmr/m/n/12 Chapter 2 con-tains the back-ground in-for-ma-tion re-quired 
for the scope of this project.It
 []

[4 <./certarch.png>]) [5]
\openout2 = `chapter2.aux'.

 (chapter2.tex
Chapter 2.
[6



] [7] [8]
<hashes.png, id=492, 605.26125pt x 308.95425pt>
File: hashes.png Graphic file (type png)
<use hashes.png>
Package pdftex.def Info: hashes.png  used on input line 39.
(pdftex.def)             Requested size: 433.62pt x 221.34375pt.

Overfull \hbox (12.66772pt too wide) in paragraph at lines 44--44
\OT1/cmr/m/n/12 Named Data Net-work-ing be-gan life in 2010 un-der the NSF's Fu
-ture In-ter-net Architecture[[]].
 []

[9]
Overfull \hbox (19.1041pt too wide) in paragraph at lines 45--45
\OT1/cmr/m/n/12 based on the name of the data. E.g.: a node re-quests \OT1/cmr/
bx/n/12 /ndn/a-site/important/information
 []

<hourglass.png, id=500, 1027.84pt x 513.92pt>
File: hourglass.png Graphic file (type png)
<use hourglass.png>
Package pdftex.def Info: hourglass.png  used on input line 47.
(pdftex.def)             Requested size: 433.62pt x 216.80946pt.

LaTeX Warning: `h' float specifier changed to `ht'.

[10 <./hashes.png>] [11 <./hourglass.png>]
<facearch.png, id=524, 375.804pt x 186.09525pt>
File: facearch.png Graphic file (type png)
<use facearch.png>
Package pdftex.def Info: facearch.png  used on input line 82.
(pdftex.def)             Requested size: 187.90154pt x 93.04738pt.
 [12]
<interestpacket.png, id=533, 128.8815pt x 110.814pt>
File: interestpacket.png Graphic file (type png)
<use interestpacket.png>
Package pdftex.def Info: interestpacket.png  used on input line 90.
(pdftex.def)             Requested size: 128.88118pt x 110.8137pt.
 [13 <./facearch.png>]
<datapacket.png, id=543, 128.27925pt x 111.41624pt>
File: datapacket.png Graphic file (type png)
<use datapacket.png>
Package pdftex.def Info: datapacket.png  used on input line 97.
(pdftex.def)             Requested size: 128.27893pt x 111.41597pt.
<nfd.png, id=545, 626.94225pt x 505.28775pt>
File: nfd.png Graphic file (type png)
<use nfd.png>
Package pdftex.def Info: nfd.png  used on input line 105.
(pdftex.def)             Requested size: 313.47035pt x 252.64325pt.
 [14 <./interestpacket.png> <./datapacket.png>] [15 <./nfd.png>]
<lsa.png, id=559, 323.40825pt x 229.45724pt>
File: lsa.png Graphic file (type png)
<use lsa.png>
Package pdftex.def Info: lsa.png  used on input line 122.
(pdftex.def)             Requested size: 323.40744pt x 229.45667pt.
 [16]
<chronosync.png, id=571, 393.26926pt x 298.716pt>
File: chronosync.png Graphic file (type png)
<use chronosync.png>
Package pdftex.def Info: chronosync.png  used on input line 137.
(pdftex.def)             Requested size: 196.63414pt x 149.35762pt.
 [17 <./lsa.png>]
[18 <./chronosync.png>] [19] [20] [21]
Underfull \hbox (badness 10000) in paragraph at lines 178--179

 []


Underfull \hbox (badness 10000) in paragraph at lines 180--181

 []


Underfull \hbox (badness 10000) in paragraph at lines 181--182

 []

[22]
Underfull \hbox (badness 10000) in paragraph at lines 216--217

 []

[23]
Overfull \hbox (5.81363pt too wide) in paragraph at lines 219--220
\OT1/cmr/m/n/12 Yan-biao Li, Lixia Zhang, Eric New-berry, Zhiyi Zhang, Haiteao 
Zhang, Alexan-der Afanasyev
 []


Underfull \hbox (badness 10000) in paragraph at lines 219--220

 []


Underfull \hbox (badness 10000) in paragraph at lines 221--222

 []


Underfull \hbox (badness 10000) in paragraph at lines 225--226

 []

[24]
Underfull \hbox (badness 10000) in paragraph at lines 229--230

 []

[25] [26]
Overfull \hbox (3.50124pt too wide) in paragraph at lines 242--243
\OT1/cmr/m/n/12 [Weber14]A Sur-vey of Caching Poli-cies and For-ward-ing Mech-a
-nisms in Information-Centric
 []


Underfull \hbox (badness 10000) in paragraph at lines 244--246

 []

[27]
Underfull \hbox (badness 10000) in paragraph at lines 252--254

 []


Underfull \hbox (badness 10000) in paragraph at lines 258--259

 []


Underfull \hbox (badness 10000) in paragraph at lines 262--263

 []

[28]
Overfull \hbox (8.66231pt too wide) in paragraph at lines 272--273
[]\OT1/cmr/m/n/12 [Nakamoto10] Bit-coin: A Peer-to-Peer Elec-tronic Cash Sys-te
m, https://www.bitcoin.org 
 []

[29]) [30]
\openout2 = `chapter3.aux'.

 (chapter3.tex
Chapter 3.
[31



] [32]
<minindn.png, id=674, 513.71925pt x 262.581pt>
File: minindn.png Graphic file (type png)
<use minindn.png>
Package pdftex.def Info: minindn.png  used on input line 32.
(pdftex.def)             Requested size: 433.62pt x 221.65231pt.
 [33 <./minindn.png>] [34] [35]
<pibblockchain.png, id=689, 875.6715pt x 433.01775pt>
File: pibblockchain.png Graphic file (type png)
<use pibblockchain.png>
Package pdftex.def Info: pibblockchain.png  used on input line 59.
(pdftex.def)             Requested size: 433.62pt x 214.42703pt.
 [36 <./pibblockchain.png>]
Underfull \hbox (badness 10000) in paragraph at lines 69--71

 []

[37]
<NDN.png, id=701, 1462.46375pt x 1062.97125pt>
File: NDN.png Graphic file (type png)
<use NDN.png>
Package pdftex.def Info: NDN.png  used on input line 80.
(pdftex.def)             Requested size: 433.62pt x 315.16333pt.
 [38 <./NDN.png>]
<comms.png, id=707, 536.60475pt x 149.358pt>
File: comms.png Graphic file (type png)
<use comms.png>
Package pdftex.def Info: comms.png  used on input line 87.
(pdftex.def)             Requested size: 433.62pt x 120.69443pt.
 [39 <./comms.png>]
<signedinterest.png, id=713, 614.295pt x 62.2325pt>
File: signedinterest.png Graphic file (type png)
<use signedinterest.png>
Package pdftex.def Info: signedinterest.png  used on input line 102.
(pdftex.def)             Requested size: 433.62pt x 43.92899pt.
 [40] [41 <./signedinterest.png>])
[42]
\openout2 = `chapter4.aux'.

 (chapter4.tex
Chapter 4.
[43



]
<trusthierarchy.png, id=735, 420.3705pt x 221.02576pt>
File: trusthierarchy.png Graphic file (type png)
<use trusthierarchy.png>
Package pdftex.def Info: trusthierarchy.png  used on input line 22.
(pdftex.def)             Requested size: 252.22424pt x 132.61647pt.
 [44]
<nlsr-sec.png, id=742, 487.22025pt x 161.403pt>
File: nlsr-sec.png Graphic file (type png)
<use nlsr-sec.png>
Package pdftex.def Info: nlsr-sec.png  used on input line 30.
(pdftex.def)             Requested size: 292.3344pt x 96.84254pt.
 [45 <./trusthierarchy.png>] [46 <./nlsr-sec.png>]
<log.png, id=753, 536.60475pt x 479.99326pt>
File: log.png Graphic file (type png)
<use log.png>
Package pdftex.def Info: log.png  used on input line 56.
(pdftex.def)             Requested size: 536.60342pt x 479.99208pt.

Overfull \hbox (81.35931pt too wide) in paragraph at lines 56--57
 [][] 
 []

) [47] [48 <./log.png>] [49]
\openout2 = `chapter5.aux'.

 (chapter5.tex
Chapter 5.
<topology.jpg, id=767, 642.4pt x 251.94125pt>
File: topology.jpg Graphic file (type jpg)
<use topology.jpg>
Package pdftex.def Info: topology.jpg  used on input line 7.
(pdftex.def)             Requested size: 321.19922pt x 125.9703pt.
[50



]
<topology.png, id=773, 3513.125pt x 1204.5pt>
File: topology.png Graphic file (type png)
<use topology.png>
Package pdftex.def Info: topology.png  used on input line 12.
(pdftex.def)             Requested size: 433.62pt x 148.66907pt.
 [51 <./topology.jpg> <./topology.png>]) [52]
\openout2 = `chapter6.aux'.

 (chapter6.tex
Chapter 6.

Underfull \hbox (badness 10000) in paragraph at lines 2--3

 []


Underfull \hbox (badness 10000) in paragraph at lines 5--9

 []

[53



]
Underfull \hbox (badness 10000) in paragraph at lines 10--11

 []

[54] [55]) [56]
\openout2 = `appendix1.aux'.

 (appendix1.tex
Appendix A.
[57



]) [58] (biblio.tex [59


] [60] [61] [62]
Underfull \hbox (badness 1776) in paragraph at lines 131--133
[]\OT1/cmr/m/n/12 [Afanasyev13a] ``Let's ChronoSync: De-cen-tral-ized Dataset S
tate Syn-chro-
 []


Underfull \hbox (badness 1681) in paragraph at lines 136--138
[]\OT1/cmr/m/n/12 [Afanasyev13b] ``Let's ChronoSync: De-cen-tral-ized Dataset S
tate Syn-chro-
 []

[63]
Underfull \hbox (badness 1342) in paragraph at lines 179--180
[]\OT1/cmr/m/n/12 [memphis.edu] ``What is MiniNDN?" by Uni-ver-sity of Mem-phis
. []$\OT1/cmtt/m/n/12 http : / /
 []

[64]
Underfull \hbox (badness 3343) in paragraph at lines 188--190
\OT1/cmr/m/n/12 tion in Named Data Net-work-ing" by Alexan-der Afanasyev & Zhen
kai
 []

) [65]
Package atveryend Info: Empty hook `BeforeClearDocument' on input line 221.
 [66]
Package atveryend Info: Empty hook `AfterLastShipout' on input line 221.
 (thesis.aux (chapter1.aux) (chapter2.aux) (chapter3.aux)
(chapter4.aux) (chapter5.aux) (chapter6.aux) (appendix1.aux))
Package atveryend Info: Executing hook `AtVeryEndDocument' on input line 221.
Package atveryend Info: Executing hook `AtEndAfterFileList' on input line 221.
Package rerunfilecheck Info: File `thesis.out' has not changed.
(rerunfilecheck)             Checksum: 042A6FFC0043E866362A1FF227F9EF24;3806.
Package atveryend Info: Empty hook `AtVeryVeryEnd' on input line 221.
 ) 
Here is how much of TeX's memory you used:
 8029 strings out of 492945
 116760 string characters out of 3135514
 223157 words of memory out of 3000000
 11511 multiletter control sequences out of 15000+200000
 11263 words of font info for 40 fonts, out of 3000000 for 9000
 1141 hyphenation exceptions out of 8191
 30i,10n,37p,1337b,472s stack positions out of 5000i,500n,10000p,200000b,50000s
<C:/Program Files/MiKTeX 2.9/fonts/type1/public/amsfonts/cm/cmbx12.pfb><C:/Pr
ogram Files/MiKTeX 2.9/fonts/type1/public/amsfonts/cm/cmcsc10.pfb><C:/Program F
iles/MiKTeX 2.9/fonts/type1/public/amsfonts/cm/cmmi12.pfb><C:/Program Files/MiK
TeX 2.9/fonts/type1/public/amsfonts/cm/cmmi8.pfb><C:/Program Files/MiKTeX 2.9/f
onts/type1/public/amsfonts/cm/cmr12.pfb><C:/Program Files/MiKTeX 2.9/fonts/type
1/public/amsfonts/cm/cmr17.pfb><C:/Program Files/MiKTeX 2.9/fonts/type1/public/
amsfonts/cm/cmr6.pfb><C:/Program Files/MiKTeX 2.9/fonts/type1/public/amsfonts/c
m/cmsl12.pfb><C:/Program Files/MiKTeX 2.9/fonts/type1/public/amsfonts/cm/cmsy10
.pfb><C:/Program Files/MiKTeX 2.9/fonts/type1/public/amsfonts/cm/cmti12.pfb><C:
/Program Files/MiKTeX 2.9/fonts/type1/public/amsfonts/cm/cmtt12.pfb>
Output written on thesis.pdf (78 pages, 1532293 bytes).
PDF statistics:
 944 PDF objects out of 1000 (max. 8388607)
 227 named destinations out of 1000 (max. 500000)
 573 words of extra memory for PDF output out of 10000 (max. 10000000)

